2023-04-07 15:45:48,616 - pyswarms.single.global_best - INFO - Optimize for 1000 iters with {'c1': 0.5, 'c2': 0.3, 'w': 0.9}
2023-04-07 15:46:05,111 - pyswarms.single.global_best - INFO - Optimize for 1000 iters with {'c1': 0.5, 'c2': 0.3, 'w': 0.9}
2023-04-07 15:46:08,440 - pyswarms.single.global_best - INFO - Optimization finished | best cost: 8.0, best pos: [0.99309602 0.45802529 0.27008528 0.17193095 0.43856169 0.90526632
 0.37300693 0.43804882]
2023-04-07 15:46:49,329 - pyswarms.single.global_best - INFO - Optimize for 1000 iters with {'c1': 0.5, 'c2': 0.3, 'w': 0.9}
2023-04-07 15:46:52,434 - pyswarms.single.global_best - INFO - Optimization finished | best cost: 8.0, best pos: [0.64162256 0.3949686  0.74755234 0.20602748 0.2907208  0.5919903
 0.47967886 0.23157291]
2023-04-07 15:47:36,628 - pyswarms.single.global_best - INFO - Optimize for 1000 iters with {'c1': 0.5, 'c2': 0.3, 'w': 0.9}
2023-04-07 15:47:42,965 - pyswarms.single.global_best - INFO - Optimization finished | best cost: 8.0, best pos: [0.1202169  0.65429245 0.85666646 0.01042991 0.44073528 0.71957379
 0.28037405 0.60391317]
2023-04-07 15:49:58,703 - pyswarms.single.global_best - INFO - Optimize for 1000 iters with {'c1': 0.5, 'c2': 0.3, 'w': 0.9}
2023-04-07 15:50:01,734 - pyswarms.single.global_best - INFO - Optimization finished | best cost: 8.0, best pos: [0.85799553 0.46975667 0.10590946 0.82117232 0.86494221 0.7951871
 0.48566719 0.41027591]
2023-04-07 15:51:18,508 - pyswarms.single.global_best - INFO - Optimize for 1000 iters with {'c1': 0.5, 'c2': 0.3, 'w': 0.9}
2023-04-07 15:51:21,627 - pyswarms.single.global_best - INFO - Optimization finished | best cost: 1.0, best pos: [3.85316166 4.59253566 6.44977984 1.55965205 5.84221369 2.04239089
 0.71716718 7.27546822]
2023-04-07 15:52:01,403 - pyswarms.single.global_best - INFO - Optimize for 1000 iters with {'c1': 0.5, 'c2': 0.3, 'w': 0.9}
2023-04-07 15:52:06,537 - pyswarms.single.global_best - INFO - Optimization finished | best cost: 1.0, best pos: [6.23233513 4.68718015 1.55728495 7.06626081 0.95051329 2.72111995
 3.49332741 5.71967718]
2023-04-07 15:52:10,902 - pyswarms.single.global_best - INFO - Optimize for 1000 iters with {'c1': 0.5, 'c2': 0.3, 'w': 0.9}
2023-04-07 15:52:13,930 - pyswarms.single.global_best - INFO - Optimization finished | best cost: 1.0, best pos: [6.65506112 1.38754155 7.0148053  4.41095489 0.2999613  3.52584427
 5.31035059 2.67941237]
2023-04-07 15:52:44,619 - pyswarms.single.global_best - INFO - Optimize for 1000 iters with {'c1': 0.5, 'c2': 0.3, 'w': 0.9}
2023-04-07 15:52:47,777 - pyswarms.single.global_best - INFO - Optimization finished | best cost: 0.0, best pos: [4.69495607 0.55461313 7.30557955 3.67785874 1.40686847 6.13708296
 2.32432329 5.94710932]
2023-04-07 15:53:38,176 - pyswarms.single.global_best - INFO - Optimize for 1000 iters with {'c1': 0.5, 'c2': 0.3, 'w': 0.9}
2023-04-07 15:53:41,169 - pyswarms.single.global_best - INFO - Optimization finished | best cost: -8.0, best pos: [1.68264038 5.81058343 5.24354842 3.70109368 3.91777699 6.14272254
 1.88963568 3.38291634]
2023-04-07 15:53:47,712 - pyswarms.single.global_best - INFO - Optimize for 1000 iters with {'c1': 0.5, 'c2': 0.3, 'w': 0.9}
2023-04-07 15:53:50,756 - pyswarms.single.global_best - INFO - Optimization finished | best cost: 2.0, best pos: [5.27283844 2.66151728 4.42959922 4.24883685 7.35555871 3.14065142
 1.85349068 6.11525045]
2023-04-07 15:53:57,717 - pyswarms.single.global_best - INFO - Optimize for 1000 iters with {'c1': 0.5, 'c2': 0.3, 'w': 0.9}
2023-04-07 15:54:00,823 - pyswarms.single.global_best - INFO - Optimization finished | best cost: 1.0, best pos: [5.36992749 3.12277377 1.48042088 7.23124111 2.80023189 0.99628735
 6.15991656 4.1200342 ]
2023-04-07 15:54:04,185 - pyswarms.single.global_best - INFO - Optimize for 1000 iters with {'c1': 0.5, 'c2': 0.3, 'w': 0.9}
2023-04-07 15:54:07,208 - pyswarms.single.global_best - INFO - Optimization finished | best cost: 2.0, best pos: [2.78991806 3.38956218 4.69218869 7.19469451 5.59813275 0.76052453
 6.01015999 1.02116688]
2023-04-07 15:54:10,277 - pyswarms.single.global_best - INFO - Optimize for 1000 iters with {'c1': 0.5, 'c2': 0.3, 'w': 0.9}
2023-04-07 15:54:13,158 - pyswarms.single.global_best - INFO - Optimization finished | best cost: 2.0, best pos: [5.56841341 1.20847103 2.89039149 6.21290387 3.10161657 7.65383185
 2.60051066 4.89005736]
2023-04-07 15:54:15,363 - pyswarms.single.global_best - INFO - Optimize for 1000 iters with {'c1': 0.5, 'c2': 0.3, 'w': 0.9}
2023-04-07 15:54:19,802 - pyswarms.single.global_best - INFO - Optimization finished | best cost: 2.0, best pos: [3.46641487 0.57305873 7.08444966 4.045962   1.51361265 5.50715958
 2.7770122  5.91336134]
2023-04-07 15:54:22,340 - pyswarms.single.global_best - INFO - Optimize for 1000 iters with {'c1': 0.5, 'c2': 0.3, 'w': 0.9}
2023-04-07 15:54:25,385 - pyswarms.single.global_best - INFO - Optimization finished | best cost: 1.0, best pos: [4.12854439 0.7262791  3.15004042 6.88587079 2.83766829 5.57977671
 1.01857074 7.7939607 ]
2023-04-07 15:57:29,404 - pyswarms.single.global_best - INFO - Optimize for 1000 iters with {'c1': 0.5, 'c2': 0.3, 'w': 0.9}
2023-04-07 15:57:33,583 - pyswarms.single.global_best - INFO - Optimization finished | best cost: 1.0, best pos: [6.32248822e+00 3.33240025e-03 7.52779506e+00 1.65154116e+00
 3.68843586e+00 5.64053220e+00 2.23544747e+00 4.58394024e+00]
2023-04-07 15:57:36,372 - pyswarms.single.global_best - INFO - Optimize for 1000 iters with {'c1': 0.5, 'c2': 0.3, 'w': 0.9}
2023-04-07 15:57:40,607 - pyswarms.single.global_best - INFO - Optimization finished | best cost: 1.0, best pos: [7.31857757 4.65480299 6.85783811 1.58654639 5.17148527 2.72550947
 0.39977815 3.84270185]
2023-04-07 15:57:43,471 - pyswarms.single.global_best - INFO - Optimize for 1000 iters with {'c1': 0.5, 'c2': 0.3, 'w': 0.9}
2023-04-07 15:57:49,027 - pyswarms.single.global_best - INFO - Optimization finished | best cost: 2.0, best pos: [0.8601322  2.98410778 4.68953285 5.2753528  7.5776069  3.00158895
 1.79045475 5.4076674 ]
2023-04-07 15:57:51,832 - pyswarms.single.global_best - INFO - Optimize for 1000 iters with {'c1': 0.5, 'c2': 0.3, 'w': 0.9}
2023-04-07 15:57:57,408 - pyswarms.single.global_best - INFO - Optimization finished | best cost: 1.0, best pos: [5.47037792 2.28204399 0.75509899 1.9061653  7.62230008 4.71707855
 6.40733529 3.38300009]
2023-04-07 15:58:03,928 - pyswarms.single.global_best - INFO - Optimize for 1000 iters with {'c1': 0.5, 'c2': 0.3, 'w': 0.9}
2023-04-07 15:58:07,513 - pyswarms.single.global_best - INFO - Optimization finished | best cost: 1.0, best pos: [2.90275225 6.48279004 1.58540422 7.32835055 0.76696243 3.98193035
 5.49014859 4.74861054]
2023-04-07 15:58:09,936 - pyswarms.single.global_best - INFO - Optimize for 1000 iters with {'c1': 0.5, 'c2': 0.3, 'w': 0.9}
2023-04-07 15:58:12,965 - pyswarms.single.global_best - INFO - Optimization finished | best cost: 1.0, best pos: [3.24959906 0.57268073 2.7446927  6.18472791 5.40451535 7.03366655
 1.82834036 4.71993813]
2023-04-07 15:59:18,603 - pyswarms.single.global_best - INFO - Optimize for 1000 iters with {'c1': 0.5, 'c2': 0.3, 'w': 0.9}
2023-04-07 15:59:21,697 - pyswarms.single.global_best - INFO - Optimization finished | best cost: 1.0, best pos: [7.92459027 3.68559608 1.82757141 6.15564777 2.42514527 5.5608193
 0.54880631 4.41956696]
2023-04-07 15:59:24,357 - pyswarms.single.global_best - INFO - Optimize for 1000 iters with {'c1': 0.5, 'c2': 0.3, 'w': 0.9}
2023-04-07 15:59:27,494 - pyswarms.single.global_best - INFO - Optimization finished | best cost: 0.0, best pos: [4.24561164 6.77166016 1.65515009 5.70003974 2.43865822 0.55326471
 3.91452096 7.74750868]
2023-04-07 16:07:19,979 - pyswarms.single.global_best - INFO - Optimize for 2000 iters with {'c1': 0.5, 'c2': 0.3, 'w': 0.9}
2023-04-07 16:07:25,654 - pyswarms.single.global_best - INFO - Optimization finished | best cost: 1.0, best pos: [4.21535487 7.20816438 1.76091149 5.16924982 2.34359799 0.5585879
 6.02770059 3.19313817]
2023-04-07 16:07:29,005 - pyswarms.single.global_best - INFO - Optimize for 2000 iters with {'c1': 0.5, 'c2': 0.3, 'w': 0.9}
2023-04-07 16:07:34,853 - pyswarms.single.global_best - INFO - Optimization finished | best cost: 1.0, best pos: [2.150574   4.06352583 5.06839086 7.69282761 0.53745398 6.75810383
 3.89550164 1.76042688]
2023-04-07 16:07:38,114 - pyswarms.single.global_best - INFO - Optimize for 2000 iters with {'c1': 0.5, 'c2': 0.3, 'w': 0.9}
2023-04-07 16:07:43,833 - pyswarms.single.global_best - INFO - Optimization finished | best cost: 1.0, best pos: [5.0742373  0.29193031 4.31901173 6.21315235 3.50311688 2.82932972
 7.36097625 1.24433365]
2023-04-07 16:07:46,487 - pyswarms.single.global_best - INFO - Optimize for 2000 iters with {'c1': 0.5, 'c2': 0.3, 'w': 0.9}
2023-04-07 16:07:52,460 - pyswarms.single.global_best - INFO - Optimization finished | best cost: 2.0, best pos: [0.70516745 6.70640456 3.49036541 5.17071587 2.76637436 6.01491166
 1.27432589 4.64690508]
2023-04-07 16:07:57,597 - pyswarms.single.global_best - INFO - Optimize for 2000 iters with {'c1': 0.5, 'c2': 0.3, 'w': 0.9}
2023-04-07 16:08:03,422 - pyswarms.single.global_best - INFO - Optimization finished | best cost: 2.0, best pos: [3.04489335 7.11516928 4.42086041 4.24244208 0.35339934 5.26293765
 1.04225613 6.82010531]
2023-04-07 16:08:19,164 - pyswarms.single.global_best - INFO - Optimize for 1000 iters with {'c1': 0.5, 'c2': 0.2, 'w': 0.9}
2023-04-07 16:08:22,448 - pyswarms.single.global_best - INFO - Optimization finished | best cost: 3.0, best pos: [3.00343688 0.59242952 2.8541757  5.6931479  6.64061248 6.24480585
 6.89259462 4.28387736]
2023-04-07 16:08:28,179 - pyswarms.single.global_best - INFO - Optimize for 1000 iters with {'c1': 0.5, 'c2': 0.4, 'w': 0.9}
2023-04-07 16:08:31,086 - pyswarms.single.global_best - INFO - Optimization finished | best cost: 1.0, best pos: [2.13923801 6.64098754 3.61314818 1.16633673 7.48438556 5.2288432
 0.91719815 4.07347895]
2023-04-07 16:08:39,316 - pyswarms.single.global_best - INFO - Optimize for 1000 iters with {'c1': 0.5, 'c2': 0.5, 'w': 0.9}
2023-04-07 16:08:42,178 - pyswarms.single.global_best - INFO - Optimization finished | best cost: 1.0, best pos: [5.15820066 4.21581593 6.99995134 1.99105068 3.12594164 7.0074096
 0.93507446 2.21911966]
2023-04-07 16:08:45,585 - pyswarms.single.global_best - INFO - Optimize for 1000 iters with {'c1': 0.5, 'c2': 0.5, 'w': 0.9}
2023-04-07 16:08:48,344 - pyswarms.single.global_best - INFO - Optimization finished | best cost: 2.0, best pos: [2.87872717 4.54306532 7.27703732 1.10434867 3.77596245 6.5669834
 0.75034438 3.68465651]
2023-04-07 16:08:52,077 - pyswarms.single.global_best - INFO - Optimize for 1000 iters with {'c1': 0.5, 'c2': 0.5, 'w': 0.9}
2023-04-07 16:08:54,915 - pyswarms.single.global_best - INFO - Optimization finished | best cost: 1.0, best pos: [4.10412299 0.03650436 5.28368903 3.00402197 6.46452459 1.02929261
 7.0877721  2.06816948]
2023-04-07 16:08:57,687 - pyswarms.single.global_best - INFO - Optimize for 1000 iters with {'c1': 0.5, 'c2': 0.5, 'w': 0.9}
2023-04-07 16:09:00,455 - pyswarms.single.global_best - INFO - Optimization finished | best cost: 0.0, best pos: [4.62794292 0.04158871 3.61495987 5.48132588 7.01956239 1.48376866
 6.11310253 2.26946912]
2023-04-07 16:09:33,991 - pyswarms.single.global_best - INFO - Optimize for 1000 iters with {'c1': 0.5, 'c2': 0.3, 'w': 0.9}
2023-04-07 16:09:38,293 - pyswarms.single.global_best - INFO - Optimization finished | best cost: 1.0, best pos: [3.06571474 5.38762737 4.14084736 2.67153364 0.63015497 6.89978186
 1.29916399 7.56540858]
2023-04-07 16:09:46,342 - pyswarms.single.global_best - INFO - Optimize for 1000 iters with {'c1': 0.5, 'c2': 0.4, 'w': 0.9}
2023-04-07 16:09:50,481 - pyswarms.single.global_best - INFO - Optimization finished | best cost: 1.0, best pos: [4.50839448 7.1232178  3.22480167 0.32390967 5.73315855 1.76814307
 6.87741605 2.64499751]
2023-04-07 16:09:56,822 - pyswarms.single.global_best - INFO - Optimize for 1000 iters with {'c1': 0.5, 'c2': 0.5, 'w': 0.9}
2023-04-07 16:10:01,101 - pyswarms.single.global_best - INFO - Optimization finished | best cost: 0.0, best pos: [4.35917428 0.53978162 7.87594041 3.7999021  1.8880466  6.15542987
 2.83361018 5.41438604]
2023-04-07 16:10:09,685 - pyswarms.single.global_best - INFO - Optimize for 1000 iters with {'c1': 0.5, 'c2': 0.5, 'w': 0.9}
2023-04-07 16:10:14,034 - pyswarms.single.global_best - INFO - Optimization finished | best cost: 1.0, best pos: [6.0568456  4.54219127 7.74940338 0.81742402 3.45736214 5.77921666
 2.19194182 1.77542166]
2023-04-07 16:10:15,939 - pyswarms.single.global_best - INFO - Optimize for 1000 iters with {'c1': 0.5, 'c2': 0.5, 'w': 0.9}
2023-04-07 16:10:20,499 - pyswarms.single.global_best - INFO - Optimization finished | best cost: 1.0, best pos: [5.22131355 7.3999349  2.83503998 0.37272801 6.07825526 4.26742033
 1.40321926 3.94060971]
2023-04-07 16:10:22,417 - pyswarms.single.global_best - INFO - Optimize for 1000 iters with {'c1': 0.5, 'c2': 0.5, 'w': 0.9}
2023-04-07 16:10:26,492 - pyswarms.single.global_best - INFO - Optimization finished | best cost: 0.0, best pos: [3.63208782 5.66201848 7.42607882 2.2309999  0.80566165 6.13341589
 4.42182303 1.3792972 ]
2023-04-07 16:11:06,774 - pyswarms.single.global_best - INFO - Optimize for 1000 iters with {'c1': 0.5, 'c2': 0.5, 'w': 0.9}
2023-04-07 16:11:11,107 - pyswarms.single.global_best - INFO - Optimization finished | best cost: 1.0, best pos: [6.47472751 3.75366826 1.44833966 4.63898675 7.04070661 5.85984036
 0.36278347 2.69048108]
2023-04-07 16:15:38,796 - pyswarms.single.global_best - INFO - Optimize for 1000 iters with {'c1': 0.5, 'c2': 0.5, 'w': 0.9}
2023-04-07 16:15:43,221 - pyswarms.single.global_best - INFO - Optimization finished | best cost: 1.0, best pos: [3.41535013 5.04979841 7.05850716 1.7140745  4.52693167 6.09027348
 2.51504757 0.2252619 ]
2023-04-07 16:15:47,262 - pyswarms.single.global_best - INFO - Optimize for 1000 iters with {'c1': 0.5, 'c2': 0.5, 'w': 0.9}
2023-04-07 16:15:50,993 - pyswarms.single.global_best - INFO - Optimization finished | best cost: 1.0, best pos: [4.87648871 0.45209986 5.08671636 6.46624834 2.56144446 7.69949655
 3.69891198 1.09605165]
2023-04-07 16:15:56,929 - pyswarms.single.global_best - INFO - Optimize for 1000 iters with {'c1': 0.5, 'c2': 0.5, 'w': 0.9}
2023-04-07 16:16:01,229 - pyswarms.single.global_best - INFO - Optimization finished | best cost: 2.0, best pos: [3.76603066 1.82929095 4.92816184 7.90689914 0.78992811 6.65820725
 3.87814606 5.59196417]
2023-04-07 16:16:02,962 - pyswarms.single.global_best - INFO - Optimize for 1000 iters with {'c1': 0.5, 'c2': 0.5, 'w': 0.9}
2023-04-07 16:16:07,197 - pyswarms.single.global_best - INFO - Optimization finished | best cost: 0.0, best pos: [5.84957839 2.5768954  4.69143234 7.87225022 0.72911723 3.38939552
 1.5911269  6.64139648]
2023-04-07 16:16:08,789 - pyswarms.single.global_best - INFO - Optimize for 1000 iters with {'c1': 0.5, 'c2': 0.5, 'w': 0.9}
2023-04-07 16:16:13,230 - pyswarms.single.global_best - INFO - Optimization finished | best cost: 1.0, best pos: [5.13467657 0.67408774 4.59526803 1.56314301 7.83803922 3.62105073
 6.69551441 2.37974645]
2023-04-07 16:17:46,491 - pyswarms.single.global_best - INFO - Optimize for 1000 iters with {'c1': 0.5, 'c2': 0.3, 'w': 0.9}
2023-04-07 16:17:50,605 - pyswarms.single.global_best - INFO - Optimization finished | best cost: 2.0, best pos: [5.75702569 4.38127046 0.75405617 7.44895316 5.67468856 1.76977994
 3.44082887 6.67212073]
2023-04-07 16:17:53,411 - pyswarms.single.global_best - INFO - Optimize for 1000 iters with {'c1': 0.5, 'c2': 0.3, 'w': 0.9}
2023-04-07 16:17:57,681 - pyswarms.single.global_best - INFO - Optimization finished | best cost: 1.0, best pos: [1.97612197 3.16958155 0.88621056 4.2207959  7.00662915 5.28494706
 2.21928996 6.37408729]
2023-04-07 16:17:58,984 - pyswarms.single.global_best - INFO - Optimize for 1000 iters with {'c1': 0.5, 'c2': 0.3, 'w': 0.9}
2023-04-07 16:18:04,112 - pyswarms.single.global_best - INFO - Optimization finished | best cost: 1.0, best pos: [5.27603853 3.19546051 0.39386304 7.89761517 4.81662171 2.21159672
 1.24892297 6.54820837]
2023-04-07 16:18:06,898 - pyswarms.single.global_best - INFO - Optimize for 1000 iters with {'c1': 0.5, 'c2': 0.3, 'w': 0.9}
2023-04-07 16:18:11,745 - pyswarms.single.global_best - INFO - Optimization finished | best cost: 0.0, best pos: [3.01082388 1.69369409 7.73517157 4.89138642 6.15265808 0.57894862
 2.97681446 5.08473802]
2023-04-07 16:18:16,113 - pyswarms.single.global_best - INFO - Optimize for 1000 iters with {'c1': 0.5, 'c2': 0.3, 'w': 0.9}
2023-04-07 16:18:20,401 - pyswarms.single.global_best - INFO - Optimization finished | best cost: 1.0, best pos: [3.81174372 0.44729031 6.070418   1.91737298 2.39788439 5.3114842
 7.00958526 4.42621334]
2023-04-07 16:18:33,215 - pyswarms.single.global_best - INFO - Optimize for 1000 iters with {'c1': 0.5, 'c2': 0.3, 'w': 0.9}
2023-04-07 16:18:38,480 - pyswarms.single.global_best - INFO - Optimization finished | best cost: 0.0, best pos: [6.35519757 2.85402328 0.09741896 5.92995891 7.45963972 4.75901026
 1.52626113 3.73198029]
2023-04-07 16:22:49,472 - pyswarms.single.global_best - INFO - Optimize for 1000 iters with {'c1': 0.5, 'c2': 0.3, 'w': 0.9}
2023-04-07 16:22:53,688 - pyswarms.single.global_best - INFO - Optimization finished | best cost: 1.0, best pos: [2.9304452  6.21053675 7.74281684 1.26086014 4.86967885 0.75752456
 5.14376258 3.53158149]
2023-04-07 16:22:59,627 - pyswarms.single.global_best - INFO - Optimize for 1000 iters with {'c1': 0.5, 'c2': 0.3, 'w': 0.9}
2023-04-07 16:23:03,644 - pyswarms.single.global_best - INFO - Optimization finished | best cost: 1.0, best pos: [2.09864153 0.22154946 3.95987476 6.10930906 4.71106341 7.34013154
 1.88903039 5.26016445]
2023-04-07 16:23:07,267 - pyswarms.single.global_best - INFO - Optimize for 1000 iters with {'c1': 0.5, 'c2': 0.3, 'w': 0.9}
2023-04-07 16:23:12,093 - pyswarms.single.global_best - INFO - Optimization finished | best cost: 1.0, best pos: [6.48654829 1.12010396 3.6826595  5.8461506  0.18809631 2.64466153
 4.23911168 7.43865944]
2023-04-07 16:23:14,509 - pyswarms.single.global_best - INFO - Optimize for 1000 iters with {'c1': 0.5, 'c2': 0.3, 'w': 0.9}
2023-04-07 16:23:18,765 - pyswarms.single.global_best - INFO - Optimization finished | best cost: 0.0, best pos: [2.99275821 5.30278892 7.9804051  0.71667684 4.30517849 6.12547685
 1.77818342 3.57021088]
2023-04-07 16:24:10,700 - pyswarms.single.global_best - INFO - Optimize for 1000 iters with {'c1': 0.5, 'c2': 0.3, 'w': 0.9, 'dtype': <class 'int'>}
2023-04-07 16:24:15,134 - pyswarms.single.global_best - INFO - Optimization finished | best cost: 0.0, best pos: [4.10539747 7.27830786 3.13608834 0.13428132 2.64876882 5.3217078
 1.54230819 6.49819124]
2023-04-07 16:24:19,348 - pyswarms.single.global_best - INFO - Optimize for 1000 iters with {'c1': 0.5, 'c2': 0.3, 'w': 0.9, 'dtype': <class 'int'>}
2023-04-07 16:24:23,724 - pyswarms.single.global_best - INFO - Optimization finished | best cost: 2.0, best pos: [1.59612526 3.29125302 4.12399842 5.63835788 7.63870904 0.96289626
 2.89485933 6.17805772]
2023-04-07 16:24:54,058 - pyswarms.single.global_best - INFO - Optimize for 1000 iters with {'c1': 0.5, 'c2': 0.3, 'w': 0.9, 'dtype': <class 'int'>}
2023-04-07 16:25:10,222 - pyswarms.single.global_best - INFO - Optimize for 1000 iters with {'c1': 0.5, 'c2': 0.3, 'w': 0.9, 'dtype': <class 'int'>}
2023-04-07 16:25:14,353 - pyswarms.single.global_best - INFO - Optimization finished | best cost: 1.0, best pos: [5.27020633 1.46412793 4.55603844 7.16115063 0.63168934 6.89719487
 3.79203235 2.95876117]
2023-04-07 16:26:28,635 - pyswarms.single.global_best - INFO - Optimize for 1000 iters with {'c1': 0.5, 'c2': 0.3, 'w': 0.9, 'init_pos': array([[1, 1, 7, 7, 3, 0, 3, 6],
       [3, 7, 0, 3, 7, 1, 3, 7],
       [2, 2, 2, 6, 6, 6, 2, 0],
       [1, 2, 2, 2, 6, 1, 0, 0],
       [5, 6, 7, 1, 4, 1, 0, 2],
       [3, 6, 1, 1, 3, 2, 5, 5],
       [6, 5, 3, 4, 4, 0, 6, 1],
       [7, 0, 1, 0, 2, 7, 7, 1],
       [4, 5, 7, 4, 5, 1, 6, 5],
       [4, 7, 6, 1, 4, 3, 5, 1]])}
2023-04-07 16:26:33,130 - pyswarms.single.global_best - INFO - Optimization finished | best cost: 1.0, best pos: [5.26147281 2.72127269 1.01471802 7.69075964 0.84043881 3.44035725
 6.13614628 4.03613417]
2023-04-07 16:26:44,367 - pyswarms.single.global_best - INFO - Optimize for 1000 iters with {'c1': 0.5, 'c2': 0.3, 'w': 0.9, 'init_pos': array([[5, 1, 7, 3, 4, 0, 3, 1],
       [2, 0, 1, 6, 2, 2, 6, 7],
       [1, 4, 0, 2, 3, 6, 7, 1],
       [4, 1, 4, 7, 7, 0, 4, 6],
       [3, 5, 7, 3, 1, 3, 0, 2],
       [7, 0, 3, 5, 5, 7, 0, 5],
       [1, 2, 2, 6, 1, 7, 5, 0],
       [3, 5, 0, 1, 7, 2, 5, 1],
       [3, 3, 0, 1, 3, 4, 2, 6],
       [6, 7, 1, 4, 3, 3, 4, 5]])}
2023-04-07 16:26:49,015 - pyswarms.single.global_best - INFO - Optimization finished | best cost: 0.0, best pos: [2.86761974 6.7327439  1.98203149 7.37460205 4.7525045  0.90993442
 3.82323994 5.26632166]
2023-04-07 16:31:38,753 - pyswarms.single.global_best - INFO - Optimize for 1000 iters with {'c1': 0.5, 'c2': 0.3, 'w': 0.9}
2023-04-07 16:31:43,074 - pyswarms.single.global_best - INFO - Optimization finished | best cost: 0.0, best pos: [2.85775654 5.25766071 1.35411547 6.44771032 0.19018255 3.40267415
 7.07791515 4.36234365]
2023-04-07 16:33:47,716 - pyswarms.single.global_best - INFO - Optimize for 1000 iters with {'c1': 0.5, 'c2': 0.3, 'w': 0.9}
2023-04-07 16:33:51,813 - pyswarms.single.global_best - INFO - Optimization finished | best cost: 1.0, best pos: [0.81456895 3.76519547 1.26037966 6.22682624 2.92894377 5.75828373
 7.37131279 4.42197205]
2023-04-07 16:35:02,407 - pyswarms.single.global_best - INFO - Optimize for 1000 iters with {'c1': 0.5, 'c2': 0.3, 'w': 0.9}
2023-04-07 16:35:06,682 - pyswarms.single.global_best - INFO - Optimization finished | best cost: 1.0, best pos: [7.65244339 2.42879981 5.63141882 1.53820623 4.50691521 0.93642524
 3.27052407 6.06025704]
2023-04-07 16:35:08,366 - pyswarms.single.global_best - INFO - Optimize for 1000 iters with {'c1': 0.5, 'c2': 0.3, 'w': 0.9}
2023-04-07 16:35:12,535 - pyswarms.single.global_best - INFO - Optimization finished | best cost: 0.0, best pos: [4.76829978 2.43846481 0.07301654 5.48596097 7.03506268 1.90138493
 3.18545949 6.53763236]
2023-04-07 16:40:46,977 - pyswarms.single.global_best - INFO - Optimize for 1000 iters with {'c1': 0.5, 'c2': 0.3, 'w': 0.9}
2023-04-07 16:40:51,907 - pyswarms.single.global_best - INFO - Optimization finished | best cost: 1.0, best pos: [5.31453017 1.06195    4.11778868 7.2163457  3.47254494 6.6119355
 2.97457531 0.68699334]
2023-04-07 16:40:55,342 - pyswarms.single.global_best - INFO - Optimize for 1000 iters with {'c1': 0.5, 'c2': 0.3, 'w': 0.9}
2023-04-07 16:40:59,662 - pyswarms.single.global_best - INFO - Optimization finished | best cost: 1.0, best pos: [2.53437501 7.23267595 4.04990679 1.23787399 5.64194954 0.84730779
 6.1649316  3.94280375]
2023-04-07 16:41:02,306 - pyswarms.single.global_best - INFO - Optimize for 1000 iters with {'c1': 0.5, 'c2': 0.3, 'w': 0.9}
2023-04-07 16:41:07,180 - pyswarms.single.global_best - INFO - Optimization finished | best cost: 1.0, best pos: [2.4048951  4.23752903 1.48708072 7.54087363 3.4294977  6.0295662
 0.95979407 5.62945921]
2023-04-07 16:41:12,766 - pyswarms.single.global_best - INFO - Optimize for 1000 iters with {'c1': 0.5, 'c2': 0.3, 'w': 0.9}
2023-04-07 16:41:17,255 - pyswarms.single.global_best - INFO - Optimization finished | best cost: 2.0, best pos: [1.65203103 4.17885969 0.83943702 5.38784239 3.32815788 2.80889887
 6.04868552 7.72327818]
2023-04-07 16:41:20,944 - pyswarms.single.global_best - INFO - Optimize for 1000 iters with {'c1': 0.5, 'c2': 0.3, 'w': 0.9}
2023-04-07 16:41:25,395 - pyswarms.single.global_best - INFO - Optimization finished | best cost: 1.0, best pos: [6.08922961 0.91342963 7.39319575 1.36541817 4.8491304  2.9779646
 5.53966725 3.85506952]
2023-04-07 16:41:27,499 - pyswarms.single.global_best - INFO - Optimize for 1000 iters with {'c1': 0.5, 'c2': 0.3, 'w': 0.9}
2023-04-07 16:41:31,763 - pyswarms.single.global_best - INFO - Optimization finished | best cost: 2.0, best pos: [3.29777315 5.1475477  0.02447918 2.22282506 4.77329094 7.24595308
 1.90866008 4.03847352]
2023-04-07 16:41:34,811 - pyswarms.single.global_best - INFO - Optimize for 1000 iters with {'c1': 0.5, 'c2': 0.3, 'w': 0.9}
2023-04-07 16:41:39,182 - pyswarms.single.global_best - INFO - Optimization finished | best cost: 2.0, best pos: [7.47892664 3.00843053 2.05180677 3.43725361 5.6516872  0.84879605
 4.82071927 1.60874347]
2023-04-07 16:41:41,101 - pyswarms.single.global_best - INFO - Optimize for 1000 iters with {'c1': 0.5, 'c2': 0.3, 'w': 0.9}
2023-04-07 16:41:45,318 - pyswarms.single.global_best - INFO - Optimization finished | best cost: 1.0, best pos: [1.97769071e-03 5.04594279e+00 3.39274600e+00 1.31604351e+00
 6.79743998e+00 7.09039030e+00 2.50740318e+00 4.70649501e+00]
2023-04-07 16:41:47,619 - pyswarms.single.global_best - INFO - Optimize for 1000 iters with {'c1': 0.5, 'c2': 0.3, 'w': 0.9}
2023-04-07 16:41:51,914 - pyswarms.single.global_best - INFO - Optimization finished | best cost: 0.0, best pos: [5.33339664 3.84383108 1.01993381 7.76727987 4.02492649 6.92584174
 0.66105143 2.83170048]
2023-04-07 16:43:49,196 - pyswarms.single.global_best - INFO - Optimize for 1000 iters with {'c1': 0.5, 'c2': 0.3, 'w': 0.9}
2023-04-07 16:43:52,523 - pyswarms.single.global_best - INFO - Optimization finished | best cost: 0.0, best pos: [0.16789369 3.21350917 1.8148685  4.13119085 2.55948287]
2023-04-07 16:43:55,399 - pyswarms.single.global_best - INFO - Optimize for 1000 iters with {'c1': 0.5, 'c2': 0.3, 'w': 0.9}
2023-04-07 16:43:58,586 - pyswarms.single.global_best - INFO - Optimization finished | best cost: 0.0, best pos: [2.32004752 4.11561451 1.88140578 3.06942929 0.91584675]
2023-04-07 16:44:04,251 - pyswarms.single.global_best - INFO - Optimize for 1000 iters with {'c1': 0.5, 'c2': 0.3, 'w': 0.9}
2023-04-07 16:44:07,787 - pyswarms.single.global_best - INFO - Optimization finished | best cost: 0.0, best pos: [0.90637876 3.6764541  1.87387518 4.26561729 2.54418975]
2023-04-07 16:44:20,056 - pyswarms.single.global_best - INFO - Optimize for 1000 iters with {'c1': 0.5, 'c2': 0.3, 'w': 0.9}
2023-04-07 16:44:35,497 - pyswarms.single.global_best - INFO - Optimization finished | best cost: 6.0, best pos: [ 6.8251714   8.50992535  1.58333312  9.08882533 14.54326677  9.6295647
  9.58667304 13.98867837  5.94791995  7.83650576  2.93176227  3.26990054
 11.55499127  4.63237936 10.60096578]
2023-04-07 16:44:38,911 - pyswarms.single.global_best - INFO - Optimize for 1000 iters with {'c1': 0.5, 'c2': 0.3, 'w': 0.9}
2023-04-07 16:44:50,792 - pyswarms.single.global_best - INFO - Optimization finished | best cost: 5.0, best pos: [11.54183972  4.89856006  8.1260419   9.88292559  0.59501455  2.10777374
  6.67890089  7.82706344 12.61889365  9.29637765  5.14757907  2.88571153
 10.15852984 14.86989874  3.28203734]
2023-04-07 16:49:40,083 - pyswarms.single.global_best - INFO - Optimize for 5000 iters with {'c1': 0.5, 'c2': 0.3, 'w': 0.9}
2023-04-07 16:50:56,464 - pyswarms.single.global_best - INFO - Optimization finished | best cost: 4.0, best pos: [ 6.78049058 10.95399664 13.19953472  2.11539014  4.11449931  7.52057632
 14.75484581  8.67352392  5.65051494  9.33774768  0.730011    3.54356114
  9.85406748 11.18750446  9.05562138]
2023-04-07 16:51:36,952 - pyswarms.single.global_best - INFO - Optimize for 1000 iters with {'c1': 0.5, 'c2': 0.3, 'w': 0.9}
2023-04-07 16:51:44,803 - pyswarms.single.global_best - INFO - Optimize for 1000 iters with {'c1': 0.5, 'c2': 0.3, 'w': 0.9}
2023-04-07 16:51:51,708 - pyswarms.single.global_best - INFO - Optimization finished | best cost: 1.0, best pos: [5.3666876  1.68087606 9.66823263 4.49402998 0.1436741  7.4528082
 3.43284891 6.96305508 2.24096792 8.43050107]
2023-04-07 16:51:58,021 - pyswarms.single.global_best - INFO - Optimize for 1000 iters with {'c1': 0.5, 'c2': 0.3, 'w': 0.9}
2023-04-07 16:52:03,675 - pyswarms.single.global_best - INFO - Optimization finished | best cost: 2.0, best pos: [5.79877038 7.3342186  5.04967932 2.77957259 6.34149402 9.61354523
 1.01357564 4.28472091 8.39083836 3.18358332]
2023-04-07 16:52:06,289 - pyswarms.single.global_best - INFO - Optimize for 1000 iters with {'c1': 0.5, 'c2': 0.3, 'w': 0.9}
2023-04-07 16:52:11,874 - pyswarms.single.global_best - INFO - Optimization finished | best cost: 3.0, best pos: [5.62804938 7.44134831 7.46691468 3.28600571 7.02738002 4.6193556
 2.70644212 0.73430826 6.54022965 1.97299255]
2023-04-07 16:52:15,987 - pyswarms.single.global_best - INFO - Optimize for 1000 iters with {'c1': 0.5, 'c2': 0.3, 'w': 0.9}
2023-04-07 16:52:22,108 - pyswarms.single.global_best - INFO - Optimization finished | best cost: 2.0, best pos: [6.26149251 3.4249467  5.9216784  5.76010824 4.10368903 9.31814427
 7.69454953 0.62451844 2.62726316 8.99956761]
2023-04-07 16:52:40,439 - pyswarms.single.global_best - INFO - Optimize for 1000 iters with {'c1': 0.5, 'c2': 0.3, 'w': 0.9}
2023-04-07 16:52:45,873 - pyswarms.single.global_best - INFO - Optimization finished | best cost: 2.0, best pos: [6.51157896 4.35593084 2.69105539 6.12146261 3.85797082 9.510152
 0.20360838 8.83201823 5.85012205 1.99963669]
2023-04-07 16:54:50,092 - pyswarms.single.global_best - INFO - Optimize for 1000 iters with {'c1': 0.5, 'c2': 0.3, 'w': 0.9}
2023-04-07 16:54:55,944 - pyswarms.single.global_best - INFO - Optimization finished | best cost: 2.0, best pos: [6.42127158 2.60380874 0.96943292 7.71289176 1.8069745  4.2385132
 9.08372783 5.28520688 3.31786305 5.85798203]
2023-04-07 16:55:00,519 - pyswarms.single.global_best - INFO - Optimize for 1000 iters with {'c1': 0.5, 'c2': 0.3, 'w': 0.9}
2023-04-07 16:55:07,078 - pyswarms.single.global_best - INFO - Optimization finished | best cost: 0.0, best pos: [2.76789716 5.16008718 1.63860257 4.62702631 0.74034809 3.88751639]
2023-04-07 16:55:20,778 - pyswarms.single.global_best - INFO - Optimize for 1000 iters with {'c1': 0.5, 'c2': 0.3, 'w': 0.9}
2023-04-07 16:55:27,393 - pyswarms.single.global_best - INFO - Optimization finished | best cost: 1.0, best pos: [0.63890156 1.54962171 4.18534125 2.14455768 5.24727448 3.88247507]
2023-04-07 16:55:44,622 - pyswarms.single.global_best - INFO - Optimize for 1000 iters with {'c1': 0.5, 'c2': 0.3, 'w': 0.9}
2023-04-07 16:55:48,242 - pyswarms.single.global_best - INFO - Optimization finished | best cost: 0.0, best pos: [0.38682967]
2023-04-07 16:56:55,120 - pyswarms.single.global_best - INFO - Optimize for 1000 iters with {'c1': 0.5, 'c2': 0.3, 'w': 0.9}
2023-04-07 16:56:58,221 - pyswarms.single.global_best - INFO - Optimization finished | best cost: 0.0, best pos: [0.35795642]
2023-04-07 16:56:59,041 - pyswarms.single.global_best - INFO - Optimize for 1000 iters with {'c1': 0.5, 'c2': 0.3, 'w': 0.9}
2023-04-07 16:57:03,179 - pyswarms.single.global_best - INFO - Optimization finished | best cost: 1.0, best pos: [1.0013856  0.93818835]
2023-04-07 16:57:03,638 - pyswarms.single.global_best - INFO - Optimize for 1000 iters with {'c1': 0.5, 'c2': 0.3, 'w': 0.9}
2023-04-07 16:57:08,710 - pyswarms.single.global_best - INFO - Optimization finished | best cost: 0.0, best pos: [1.94534044 3.68229057 0.11547343 2.76401835 4.6976728 ]
2023-04-07 16:57:09,392 - pyswarms.single.global_best - INFO - Optimize for 1000 iters with {'c1': 0.5, 'c2': 0.3, 'w': 0.9}
2023-04-07 16:57:16,602 - pyswarms.single.global_best - INFO - Optimization finished | best cost: 0.0, best pos: [3.43253259 0.7782319  2.5541872  5.75159347 1.67240548 6.04854445
 4.94962269]
2023-04-07 16:57:17,108 - pyswarms.single.global_best - INFO - Optimize for 1000 iters with {'c1': 0.5, 'c2': 0.3, 'w': 0.9}
2023-04-07 16:57:24,709 - pyswarms.single.global_best - INFO - Optimization finished | best cost: 2.0, best pos: [3.6280013  5.43474778 4.934838   5.40920994 1.37448218 6.91414321
 2.51643696 7.04998283]
2023-04-07 16:57:25,276 - pyswarms.single.global_best - INFO - Optimize for 1000 iters with {'c1': 0.5, 'c2': 0.3, 'w': 0.9}
2023-04-07 16:57:32,518 - pyswarms.single.global_best - INFO - Optimization finished | best cost: 2.0, best pos: [3.15538186 5.33207304 2.43297822 0.64142539 8.13602866 6.91840873
 4.50468314 1.46006529 7.09131347]
2023-04-07 16:57:33,102 - pyswarms.single.global_best - INFO - Optimize for 1000 iters with {'c1': 0.5, 'c2': 0.3, 'w': 0.9}
2023-04-07 16:57:44,199 - pyswarms.single.global_best - INFO - Optimization finished | best cost: 3.0, best pos: [ 6.39646852  6.90215698  9.09504884  3.55736476  6.03650827  4.17163256
  1.46485468  8.8654273  11.16132955  5.75036343  7.65591326  2.77934495]
2023-04-07 16:57:44,872 - pyswarms.single.global_best - INFO - Optimize for 1000 iters with {'c1': 0.5, 'c2': 0.3, 'w': 0.9}
2023-04-07 16:57:56,774 - pyswarms.single.global_best - INFO - Optimization finished | best cost: 3.0, best pos: [11.16668539  4.62934499  5.11539717  1.23711896  6.17418229  9.16739134
 12.5683861   8.34909692  0.83448388  3.73322732  7.34596849 10.39242046
 10.17763039]
2023-04-07 16:57:57,339 - pyswarms.single.global_best - INFO - Optimize for 1000 iters with {'c1': 0.5, 'c2': 0.3, 'w': 0.9}
2023-04-07 16:58:11,238 - pyswarms.single.global_best - INFO - Optimization finished | best cost: 4.0, best pos: [ 8.51442221  5.10605817  7.66348016 10.72436949  2.19077523  4.13417364
  5.81328136  9.70692229  3.81223208  1.15099351 13.61089446 11.51397622
  6.87116151 14.21575987  5.69008934]
2023-04-07 16:59:38,596 - pyswarms.single.global_best - INFO - Optimize for 1000 iters with {'c1': 0.5, 'c2': 0.3, 'w': 0.9}
2023-04-07 16:59:47,062 - pyswarms.single.global_best - INFO - Optimization finished | best cost: 2.0, best pos: [3.53752602 1.17738742 4.75548896 2.07094938 0.9000287  6.6803312
 7.49456777 5.02045259 7.19416352]
2023-04-07 16:59:49,380 - pyswarms.single.global_best - INFO - Optimize for 1000 iters with {'c1': 0.5, 'c2': 0.3, 'w': 0.9}
2023-04-07 16:59:57,745 - pyswarms.single.global_best - INFO - Optimization finished | best cost: 2.0, best pos: [7.41236408 6.5172246  4.72128802 2.42019525 0.32683631 5.77099149
 3.55320163 1.46993309 7.67028316]
2023-04-07 16:59:59,390 - pyswarms.single.global_best - INFO - Optimize for 1000 iters with {'c1': 0.5, 'c2': 0.3, 'w': 0.9}
2023-04-07 17:00:07,828 - pyswarms.single.global_best - INFO - Optimization finished | best cost: 1.0, best pos: [4.50708306 7.00127187 5.61880165 0.17238966 3.63403187 1.28310352
 6.63476996 8.2325239  2.49230691]
2023-04-07 17:00:09,694 - pyswarms.single.global_best - INFO - Optimize for 1000 iters with {'c1': 0.5, 'c2': 0.3, 'w': 0.9}
2023-04-07 17:00:17,769 - pyswarms.single.global_best - INFO - Optimization finished | best cost: 2.0, best pos: [6.46743319 5.80373299 3.74747341 1.88753806 7.05566895 4.99596985
 8.25790978 6.61020926 2.33309172]
2023-04-07 17:00:19,706 - pyswarms.single.global_best - INFO - Optimize for 1000 iters with {'c1': 0.5, 'c2': 0.3, 'w': 0.9}
2023-04-07 17:00:28,014 - pyswarms.single.global_best - INFO - Optimization finished | best cost: 0.0, best pos: [1.03875367 6.1566388  4.16599541 0.84905478 8.68339912 3.99456748
 5.94107784 7.26992055 2.48685877]
2023-04-07 17:00:34,634 - pyswarms.single.global_best - INFO - Optimize for 1000 iters with {'c1': 0.5, 'c2': 0.3, 'w': 0.9}
2023-04-07 17:00:42,992 - pyswarms.single.global_best - INFO - Optimization finished | best cost: 2.0, best pos: [1.61774918 6.01759178 6.09042484 3.09309936 7.95001719 4.91442499
 2.80580121 5.34886796]
2023-04-07 17:00:45,072 - pyswarms.single.global_best - INFO - Optimize for 1000 iters with {'c1': 0.5, 'c2': 0.3, 'w': 0.9}
2023-04-07 17:00:52,895 - pyswarms.single.global_best - INFO - Optimization finished | best cost: 2.0, best pos: [3.77492024 0.58150231 6.47066779 6.09545892 2.81470346 5.64308716
 1.9029498  4.01179121]
2023-04-07 17:02:13,035 - pyswarms.single.global_best - INFO - Optimize for 1000 iters with {'c1': 0.5, 'c2': 0.3, 'w': 0.9}
2023-04-07 17:02:21,108 - pyswarms.single.global_best - INFO - Optimization finished | best cost: 1.0, best pos: [2.60362281 5.22666019 3.21723531 6.25255613 0.67487575 4.11570732
 1.01142742 7.38836154]
2023-04-07 17:02:23,066 - pyswarms.single.global_best - INFO - Optimize for 1000 iters with {'c1': 0.5, 'c2': 0.3, 'w': 0.9}
2023-04-07 17:02:30,801 - pyswarms.single.global_best - INFO - Optimization finished | best cost: 1.0, best pos: [7.21270226 2.32079562 4.48134054 6.18064458 1.07331355 3.69264405
 5.41615596 0.91863445]
2023-04-07 17:02:32,810 - pyswarms.single.global_best - INFO - Optimize for 1000 iters with {'c1': 0.5, 'c2': 0.3, 'w': 0.9}
2023-04-07 17:02:40,341 - pyswarms.single.global_best - INFO - Optimization finished | best cost: 1.0, best pos: [4.50190763 6.01292962 0.7996805  2.64466104 7.68190484 1.24612824
 3.96648596 5.52632213]
2023-04-07 17:02:42,215 - pyswarms.single.global_best - INFO - Optimize for 1000 iters with {'c1': 0.5, 'c2': 0.3, 'w': 0.9}
2023-04-07 17:02:49,693 - pyswarms.single.global_best - INFO - Optimization finished | best cost: 1.0, best pos: [3.43319453 5.71037643 2.43808199 6.18611849 1.39576836 7.34257746
 4.54483292 0.95367461]
2023-04-07 17:02:51,047 - pyswarms.single.global_best - INFO - Optimize for 1000 iters with {'c1': 0.5, 'c2': 0.3, 'w': 0.9}
2023-04-07 17:02:58,892 - pyswarms.single.global_best - INFO - Optimization finished | best cost: 1.0, best pos: [3.17070964 6.60746783 0.89995637 7.44883752 1.76398634 4.18461313
 2.64571639 5.1459122 ]
2023-04-07 17:05:12,151 - pyswarms.single.global_best - INFO - Optimize for 1000 iters with {'c1': 0.5, 'c2': 0.3, 'w': 0.9}
